<?xml version="1.0" encoding="UTF-8"?>
<!-- Generated by org.testng.reporters.JUnitXMLReporter -->
<testsuite hostname="DESKTOP-UBRI0MS" name="Free CRM Application Test" tests="9" failures="0" timestamp="30 Oct 2019 17:40:25 GMT" time="146.822" errors="0">
  <testcase name="loginPageTitleTest" time="0.021" classname="com.crm.qa.testcases.LoginpageTest"/>
  <testcase name="loginPageImageTest" time="0.045" classname="com.crm.qa.testcases.LoginpageTest"/>
  <testcase name="loginTest" time="4.135" classname="com.crm.qa.testcases.LoginpageTest"/>
  <testcase name="contactsLabelTest" time="0.102" classname="com.crm.qa.testcases.ContactsPageTest"/>
  <testcase name="homePageTitleTest" time="0.009" classname="com.crm.qa.testcases.HomePageTest"/>
  <testcase name="homePageUserNameTest" time="0.937" classname="com.crm.qa.testcases.HomePageTest"/>
  <testcase name="verifyContactsLinkTest" time="1.769" classname="com.crm.qa.testcases.HomePageTest"/>
  <testcase name="verifyDealsLinkTest" time="2.057" classname="com.crm.qa.testcases.HomePageTest"/>
  <testcase name="verifyTaskssLinkTest" time="2.133" classname="com.crm.qa.testcases.HomePageTest"/>
</testsuite> <!-- Free CRM Application Test -->
